<?xml version="1.0" encoding="UTF-8"?>
<!-- Generated by org.testng.reporters.JUnitReportReporter -->
<testsuite skipped="0" hostname="JessicadeMacBook-Pro.local" name="TestDemo.TestDemo.AppTest" tests="1" failures="0" timestamp="2019-11-14T18:20:13 EST" time="0.009" errors="0">
  <testcase name="shouldAnswerWithTrue" time="0.009" classname="TestDemo.TestDemo.AppTest"/>
</testsuite> <!-- TestDemo.TestDemo.AppTest -->
