<?xml version="1.0" encoding="UTF-8"?>
<!-- Generated by org.testng.reporters.JUnitReportReporter -->
<testsuite skipped="0" hostname="Peichunde-MacBook-Pro.local" name="TestDemo.AppTest" tests="1" failures="0" timestamp="2020-02-11T10:35:18 EST" time="0.002" errors="0">
  <testcase name="shouldAnswerWithTrue" time="0.002" classname="TestDemo.AppTest"/>
</testsuite> <!-- TestDemo.AppTest -->
